Vivado Simulator 2020.1
Copyright 1986-1999, 2001-2020 Xilinx, Inc. All Rights Reserved.
Running: /tools/Xilinx/Vivado/2020.1/bin/unwrapped/lnx64.o/xelab -wto 4756b1523ea54048863f0292b42e8cf6 --incr --debug typical --relax --mt 8 -L xil_defaultlib -L unisims_ver -L unimacro_ver -L secureip -L xpm --snapshot uart_top_TB_behav xil_defaultlib.uart_top_TB xil_defaultlib.glbl -log elaborate.log 
Using 8 slave threads.
Starting static elaboration
Pass Through NonSizing Optimizer
WARNING: [VRFC 10-3091] actual bit length 16 differs from formal bit length 512 for port 'iOpA' [/home/sims0702/Documents/University/phase-3-courses/complex-digital-design/cdd_lab_3/cdd_lab_3.srcs/sources_1/imports/Downloads/uart_top.v:73]
WARNING: [VRFC 10-3091] actual bit length 16 differs from formal bit length 512 for port 'iOpB' [/home/sims0702/Documents/University/phase-3-courses/complex-digital-design/cdd_lab_3/cdd_lab_3.srcs/sources_1/imports/Downloads/uart_top.v:74]
WARNING: [VRFC 10-3091] actual bit length 24 differs from formal bit length 513 for port 'oRes' [/home/sims0702/Documents/University/phase-3-courses/complex-digital-design/cdd_lab_3/cdd_lab_3.srcs/sources_1/imports/Downloads/uart_top.v:75]
Completed static elaboration
Starting simulation data flow analysis
Completed simulation data flow analysis
Time Resolution for simulation is 1ps
Compiling module xil_defaultlib.uart_tx(CLK_FREQ=100,BAUD_RATE=1...
Compiling module xil_defaultlib.uart_receiver(CLK_FREQ=100,BAUD_...
Compiling module xil_defaultlib.full_adder
Compiling module xil_defaultlib.ripple_carry_adder_Nb(ADDER_WIDT...
Compiling module xil_defaultlib.mp_adder_default
Compiling module xil_defaultlib.uart_top(NBYTES=2,CLK_FREQ=100,B...
Compiling module xil_defaultlib.uart_top_TB
Compiling module xil_defaultlib.glbl
Built simulation snapshot uart_top_TB_behav
