#
# An unexpected error has occurred (11)
#
Stack:
/tools/Xilinx/Vivado/2020.1/tps/lnx64/jre9.0.4/lib//server/libjvm.so(+0xb6aadb) [0x7efd1076aadb]
/tools/Xilinx/Vivado/2020.1/tps/lnx64/jre9.0.4/lib//server/libjvm.so(JVM_handle_linux_signal+0xbb) [0x7efd1076fe1b]
/tools/Xilinx/Vivado/2020.1/tps/lnx64/jre9.0.4/lib//server/libjvm.so(+0xb647b8) [0x7efd107647b8]
/lib/x86_64-linux-gnu/libc.so.6(+0x42990) [0x7efd68e42990]
/tools/Xilinx/Vivado/2020.1/lib/lnx64.o/librdi_wavedata.so(WVDAppInterface::WVDWindowManager::createWcfg(std::__cxx11::basic_string<char, std::char_traits<char>, std::allocator<char> > const&)+0x545) [0x7efd23ba3a15]
/tools/Xilinx/Vivado/2020.1/lib/lnx64.o/librdi_wavedatatasks.so(WVWaveObjectOptionsImp::parseOptions()+0x241) [0x7efcd37158a1]
/tools/Xilinx/Vivado/2020.1/lib/lnx64.o/librdi_wavedatatasks.so(+0xdcee3) [0x7efcd36dcee3]
/tools/Xilinx/Vivado/2020.1/lib/lnx64.o/librdi_common.so(+0x9627f2) [0x7efd6a7627f2]
/tools/Xilinx/Vivado/2020.1/lib/lnx64.o/libtcl8.5.so(+0x334af) [0x7efd62c334af]
/tools/Xilinx/Vivado/2020.1/lib/lnx64.o/libtcl8.5.so(+0x76875) [0x7efd62c76875]
/tools/Xilinx/Vivado/2020.1/lib/lnx64.o/libtcl8.5.so(+0x7e029) [0x7efd62c7e029]
/tools/Xilinx/Vivado/2020.1/lib/lnx64.o/libtcl8.5.so(TclEvalObjEx+0x76) [0x7efd62c35156]
/tools/Xilinx/Vivado/2020.1/lib/lnx64.o/libtcl8.5.so(+0x3e754) [0x7efd62c3e754]
/tools/Xilinx/Vivado/2020.1/lib/lnx64.o/libtcl8.5.so(+0x334af) [0x7efd62c334af]
/tools/Xilinx/Vivado/2020.1/lib/lnx64.o/libtcl8.5.so(+0x76875) [0x7efd62c76875]
/tools/Xilinx/Vivado/2020.1/lib/lnx64.o/libtcl8.5.so(+0x7e029) [0x7efd62c7e029]
/tools/Xilinx/Vivado/2020.1/lib/lnx64.o/libtcl8.5.so(TclEvalObjEx+0x76) [0x7efd62c35156]
/tools/Xilinx/Vivado/2020.1/lib/lnx64.o/libtcl8.5.so(+0x3e754) [0x7efd62c3e754]
/tools/Xilinx/Vivado/2020.1/lib/lnx64.o/libtcl8.5.so(+0x334af) [0x7efd62c334af]
/tools/Xilinx/Vivado/2020.1/lib/lnx64.o/libtcl8.5.so(+0x34b38) [0x7efd62c34b38]
/tools/Xilinx/Vivado/2020.1/lib/lnx64.o/libtcl8.5.so(Tcl_EvalEx+0x13) [0x7efd62c350a3]
/tools/Xilinx/Vivado/2020.1/lib/lnx64.o/libtcl8.5.so(Tcl_FSEvalFileEx+0x1da) [0x7efd62c99c5a]
/tools/Xilinx/Vivado/2020.1/lib/lnx64.o/librdi_commontasks.so(+0x1f895d) [0x7efd5cbf895d]
/tools/Xilinx/Vivado/2020.1/lib/lnx64.o/librdi_common.so(+0x9627f2) [0x7efd6a7627f2]
/tools/Xilinx/Vivado/2020.1/lib/lnx64.o/libtcl8.5.so(+0x334af) [0x7efd62c334af]
/tools/Xilinx/Vivado/2020.1/lib/lnx64.o/libtcl8.5.so(Tcl_EvalObjv+0x32) [0x7efd62c335e2]
/tools/Xilinx/Vivado/2020.1/lib/lnx64.o/libtcl8.5.so(TclEvalObjEx+0x322) [0x7efd62c35402]
/tools/Xilinx/Vivado/2020.1/lib/lnx64.o/librdi_common.so(hdi::tcltasks::task_manager::eval_in_tcl(Tcl_Interp*, Tcl_Obj*, char const*, bool)+0xa99) [0x7efd6a764609]
/tools/Xilinx/Vivado/2020.1/lib/lnx64.o/librdi_simtcltasks.so(RSTTclHelper::processTclbatchOption(hdi::tcltasks::task_options_base&, Tcl_Interp*)+0x114) [0x7efcd44c1864]
/tools/Xilinx/Vivado/2020.1/lib/lnx64.o/librdi_simtcltasks.so(+0x1ebb7c) [0x7efcd45ebb7c]
/tools/Xilinx/Vivado/2020.1/lib/lnx64.o/librdi_common.so(+0x9627f2) [0x7efd6a7627f2]
/tools/Xilinx/Vivado/2020.1/lib/lnx64.o/libtcl8.5.so(+0x334af) [0x7efd62c334af]
/tools/Xilinx/Vivado/2020.1/lib/lnx64.o/libtcl8.5.so(+0x76875) [0x7efd62c76875]
/tools/Xilinx/Vivado/2020.1/lib/lnx64.o/libtcl8.5.so(+0x7e029) [0x7efd62c7e029]
/tools/Xilinx/Vivado/2020.1/lib/lnx64.o/libtcl8.5.so(TclEvalObjEx+0x76) [0x7efd62c35156]
/tools/Xilinx/Vivado/2020.1/lib/lnx64.o/librdi_common.so(hdi::tcltasks::task_manager::eval_in_tcl(Tcl_Interp*, Tcl_Obj*, char const*, bool)+0xa99) [0x7efd6a764609]
/tools/Xilinx/Vivado/2020.1/lib/lnx64.o/librdi_common.so(hdi::tcltasks::task_manager::eval_in_tcl(Tcl_Interp*, char const*, char const*, bool)+0x12a) [0x7efd6a76511a]
/tools/Xilinx/Vivado/2020.1/lib/lnx64.o/librdi_common.so(hdi::tcltasks::task_manager::eval_in_tcl_throw(Tcl_Interp*, char const*, char const*, bool)+0x10) [0x7efd6a765240]
/tools/Xilinx/Vivado/2020.1/lib/lnx64.o/librdi_simtcltasks.so(+0x1e7509) [0x7efcd45e7509]
/tools/Xilinx/Vivado/2020.1/lib/lnx64.o/librdi_common.so(+0x9627f2) [0x7efd6a7627f2]
/tools/Xilinx/Vivado/2020.1/lib/lnx64.o/libtcl8.5.so(+0x334af) [0x7efd62c334af]
/tools/Xilinx/Vivado/2020.1/lib/lnx64.o/libtcl8.5.so(+0x76875) [0x7efd62c76875]
/tools/Xilinx/Vivado/2020.1/lib/lnx64.o/libtcl8.5.so(+0x7e029) [0x7efd62c7e029]
/tools/Xilinx/Vivado/2020.1/lib/lnx64.o/libtcl8.5.so(TclEvalObjEx+0x76) [0x7efd62c35156]
/tools/Xilinx/Vivado/2020.1/lib/lnx64.o/librdi_common.so(+0x960d01) [0x7efd6a760d01]
/tools/Xilinx/Vivado/2020.1/lib/lnx64.o/libtcl8.5.so(Tcl_ServiceEvent+0x7f) [0x7efd62ca7b0f]
/tools/Xilinx/Vivado/2020.1/lib/lnx64.o/libtcl8.5.so(Tcl_DoOneEvent+0x154) [0x7efd62ca7e44]
/tools/Xilinx/Vivado/2020.1/lib/lnx64.o/librdi_commontasks.so(+0x23c7e5) [0x7efd5cc3c7e5]
/tools/Xilinx/Vivado/2020.1/lib/lnx64.o/librdi_commontasks.so(+0x23f8f1) [0x7efd5cc3f8f1]
/tools/Xilinx/Vivado/2020.1/lib/lnx64.o/librdi_commontasks.so(+0x24093e) [0x7efd5cc4093e]
/tools/Xilinx/Vivado/2020.1/lib/lnx64.o/librdi_common.so(+0x9627f2) [0x7efd6a7627f2]
/tools/Xilinx/Vivado/2020.1/lib/lnx64.o/libtcl8.5.so(+0x334af) [0x7efd62c334af]
/tools/Xilinx/Vivado/2020.1/lib/lnx64.o/libtcl8.5.so(Tcl_EvalObjv+0x32) [0x7efd62c335e2]
/tools/Xilinx/Vivado/2020.1/lib/lnx64.o/libtcl8.5.so(TclEvalObjEx+0x322) [0x7efd62c35402]
/tools/Xilinx/Vivado/2020.1/lib/lnx64.o/librdi_commonmain.so(+0xad53) [0x7efd69a0ad53]
/tools/Xilinx/Vivado/2020.1/lib/lnx64.o/libtcl8.5.so(Tcl_Main+0x1d0) [0x7efd62ca0210]
/tools/Xilinx/Vivado/2020.1/lib/lnx64.o/librdi_common.so(+0x9a6e6b) [0x7efd6a7a6e6b]
/lib/x86_64-linux-gnu/libc.so.6(+0x97b5a) [0x7efd68e97b5a]
/lib/x86_64-linux-gnu/libc.so.6(+0x1285fc) [0x7efd68f285fc]
