#-----------------------------------------------------------
# Vivado v2020.1 (64-bit)
# SW Build 2902540 on Wed May 27 19:54:35 MDT 2020
# IP Build 2902112 on Wed May 27 22:43:36 MDT 2020
# Start of session at: Fri May 10 18:20:22 2024
# Process ID: 105861
# Current directory: /home/sims0702/Documents/University/phase-3-courses/complex-digital-design/cdd_lab_3
# Command line: vivado cdd_lab_3.xpr
# Log file: /home/sims0702/Documents/University/phase-3-courses/complex-digital-design/cdd_lab_3/vivado.log
# Journal file: /home/sims0702/Documents/University/phase-3-courses/complex-digital-design/cdd_lab_3/vivado.jou
#-----------------------------------------------------------
start_gui
open_project cdd_lab_3.xpr
CRITICAL WARNING: [Project 1-19] Could not find the file '/home/sims0702/Documents/University/phase-3-courses/complex-digital-design/cdd_lab_3/mp_adder_TB_behav.wcfg'.
Scanning sources...
Finished scanning sources
INFO: [IP_Flow 19-234] Refreshing IP repositories
INFO: [IP_Flow 19-1704] No user IP repositories specified
INFO: [IP_Flow 19-2313] Loaded Vivado IP repository '/tools/Xilinx/Vivado/2020.1/data/ip'.
WARNING: [IP_Flow 19-3899] Cannot get the environment domain name variable for the component vendor name. Setting the vendor name to 'user.org'.
update_compile_order -fileset sources_1
set_property top mp_adder_TB [get_filesets sim_1]
set_property top_lib xil_defaultlib [get_filesets sim_1]
update_compile_order -fileset sim_1
