#-----------------------------------------------------------
# Vivado v2020.1 (64-bit)
# SW Build 2902540 on Wed May 27 19:54:35 MDT 2020
# IP Build 2902112 on Wed May 27 22:43:36 MDT 2020
# Start of session at: Sun May 12 11:22:32 2024
# Process ID: 2093937
# Current directory: /home/sims0702/Documents/University/phase-3-courses/complex-digital-design/cdd_lab_3
# Command line: vivado cdd_lab_3.xpr
# Log file: /home/sims0702/Documents/University/phase-3-courses/complex-digital-design/cdd_lab_3/vivado.log
# Journal file: /home/sims0702/Documents/University/phase-3-courses/complex-digital-design/cdd_lab_3/vivado.jou
#-----------------------------------------------------------
start_gui
open_project cdd_lab_3.xpr
Scanning sources...
Finished scanning sources
INFO: [IP_Flow 19-234] Refreshing IP repositories
INFO: [IP_Flow 19-1704] No user IP repositories specified
INFO: [IP_Flow 19-2313] Loaded Vivado IP repository '/tools/Xilinx/Vivado/2020.1/data/ip'.
WARNING: [IP_Flow 19-3899] Cannot get the environment domain name variable for the component vendor name. Setting the vendor name to 'user.org'.
update_compile_order -fileset sources_1
launch_simulation
Command: launch_simulation 
INFO: [Vivado 12-5698] Checking validity of IPs in the design for the 'XSim' simulator...
WARNING: [BD 41-1731] Type mismatch between connected pins: /iClk(clk) and /uart_top_0/iClk(undef)
INFO: [Vivado 12-5682] Launching behavioral simulation in '/home/sims0702/Documents/University/phase-3-courses/complex-digital-design/cdd_lab_3/cdd_lab_3.sim/sim_1/behav/xsim'
INFO: [Vivado 12-4795] Using compiled simulation libraries for IPs
INFO: [SIM-utils-51] Simulation object is 'sim_1'
INFO: [USF-XSim-7] Finding pre-compiled libraries...
INFO: [USF-XSim-11] File '/tools/Xilinx/Vivado/2020.1/data/xsim/xsim.ini' copied to run dir:'/home/sims0702/Documents/University/phase-3-courses/complex-digital-design/cdd_lab_3/cdd_lab_3.sim/sim_1/behav/xsim'
INFO: [SIM-utils-54] Inspecting design source files for 'uart_top_TB' in fileset 'sim_1'...
INFO: [USF-XSim-97] Finding global include files...
INFO: [USF-XSim-98] Fetching design files from 'sim_1'...
INFO: [USF-XSim-2] XSim::Compile design
INFO: [USF-XSim-61] Executing 'COMPILE and ANALYZE' step in '/home/sims0702/Documents/University/phase-3-courses/complex-digital-design/cdd_lab_3/cdd_lab_3.sim/sim_1/behav/xsim'
xvlog --incr --relax -prj uart_top_TB_vlog.prj
INFO: [USF-XSim-69] 'compile' step finished in '1' seconds
INFO: [USF-XSim-3] XSim::Elaborate design
INFO: [USF-XSim-61] Executing 'ELABORATE' step in '/home/sims0702/Documents/University/phase-3-courses/complex-digital-design/cdd_lab_3/cdd_lab_3.sim/sim_1/behav/xsim'
xelab -wto 4756b1523ea54048863f0292b42e8cf6 --incr --debug typical --relax --mt 8 -L xil_defaultlib -L unisims_ver -L unimacro_ver -L secureip -L xpm --snapshot uart_top_TB_behav xil_defaultlib.uart_top_TB xil_defaultlib.glbl -log elaborate.log
Vivado Simulator 2020.1
Copyright 1986-1999, 2001-2020 Xilinx, Inc. All Rights Reserved.
Running: /tools/Xilinx/Vivado/2020.1/bin/unwrapped/lnx64.o/xelab -wto 4756b1523ea54048863f0292b42e8cf6 --incr --debug typical --relax --mt 8 -L xil_defaultlib -L unisims_ver -L unimacro_ver -L secureip -L xpm --snapshot uart_top_TB_behav xil_defaultlib.uart_top_TB xil_defaultlib.glbl -log elaborate.log 
Using 8 slave threads.
Starting static elaboration
Pass Through NonSizing Optimizer
WARNING: [VRFC 10-3091] actual bit length 32 differs from formal bit length 1 for port 'iBtn' [/home/sims0702/Documents/University/phase-3-courses/complex-digital-design/cdd_lab_3/cdd_lab_3.srcs/sources_1/imports/Downloads/uart_top.v:71]
WARNING: [VRFC 10-3283] element index 16 into 'rOpA' is out of bounds [/home/sims0702/Documents/University/phase-3-courses/complex-digital-design/cdd_lab_3/cdd_lab_3.srcs/sim_1/imports/Downloads/uart_top_TB.v:99]
Completed static elaboration
INFO: [XSIM 43-4323] No Change in HDL. Linking previously generated obj files to create kernel
INFO: [USF-XSim-69] 'elaborate' step finished in '1' seconds
INFO: [USF-XSim-4] XSim::Simulate design
INFO: [USF-XSim-61] Executing 'SIMULATE' step in '/home/sims0702/Documents/University/phase-3-courses/complex-digital-design/cdd_lab_3/cdd_lab_3.sim/sim_1/behav/xsim'
INFO: [USF-XSim-98] *** Running xsim
   with args "uart_top_TB_behav -key {Behavioral:sim_1:Functional:uart_top_TB} -tclbatch {uart_top_TB.tcl} -protoinst "protoinst_files/design_1.protoinst" -log {simulate.log}"
INFO: [USF-XSim-8] Loading simulator feature
Vivado Simulator 2020.1
INFO: [Wavedata 42-565] Reading protoinst file protoinst_files/design_1.protoinst
WARNING: [Wavedata 42-558] Couldn't load one or more protocol instances from protoinst file protoinst_files/design_1.protoinst for the following reason(s):
There are no instances of module "design_1" in the design.

Time resolution is 1 ps
source uart_top_TB.tcl
# set curr_wave [current_wave_config]
# if { [string length $curr_wave] == 0 } {
#   if { [llength [get_objects]] > 0} {
#     add_wave /
#     set_property needs_save false [current_wave_config]
#   } else {
#      send_msg_id Add_Wave-1 WARNING "No top level signals found. Simulator will start without a wave window. If you want to open a wave window go to 'File->New Waveform Configuration' or type 'create_wave_config' in the TCL console."
#   }
# }
# run 1000ns
INFO: [USF-XSim-96] XSim completed. Design snapshot 'uart_top_TB_behav' loaded.
INFO: [USF-XSim-97] XSim simulation ran for 1000ns
launch_simulation: Time (s): cpu = 00:00:11 ; elapsed = 00:00:07 . Memory (MB): peak = 7317.207 ; gain = 115.867 ; free physical = 3865 ; free virtual = 10172
open_wave_config {/home/sims0702/Documents/University/phase-3-courses/complex-digital-design/cdd_lab_3/uart_top_TB_behav.wcfg}
run all
Stopped at time : 1654 ns : File "/home/sims0702/Documents/University/phase-3-courses/complex-digital-design/cdd_lab_3/cdd_lab_3.srcs/sim_1/imports/Downloads/uart_top_TB.v" Line 74
relaunch_sim
Command: launch_simulation -simset sim_1 -mode behavioral
INFO: [Vivado 12-5698] Checking validity of IPs in the design for the 'XSim' simulator...
WARNING: [BD 41-1731] Type mismatch between connected pins: /iClk(clk) and /uart_top_0/iClk(undef)
INFO: [Vivado 12-5682] Launching behavioral simulation in '/home/sims0702/Documents/University/phase-3-courses/complex-digital-design/cdd_lab_3/cdd_lab_3.sim/sim_1/behav/xsim'
INFO: [Vivado 12-4795] Using compiled simulation libraries for IPs
INFO: [SIM-utils-51] Simulation object is 'sim_1'
INFO: [USF-XSim-7] Finding pre-compiled libraries...
INFO: [USF-XSim-11] File '/tools/Xilinx/Vivado/2020.1/data/xsim/xsim.ini' copied to run dir:'/home/sims0702/Documents/University/phase-3-courses/complex-digital-design/cdd_lab_3/cdd_lab_3.sim/sim_1/behav/xsim'
INFO: [SIM-utils-54] Inspecting design source files for 'uart_top_TB' in fileset 'sim_1'...
INFO: [USF-XSim-97] Finding global include files...
INFO: [USF-XSim-98] Fetching design files from 'sim_1'...
INFO: [USF-XSim-2] XSim::Compile design
INFO: [USF-XSim-61] Executing 'COMPILE and ANALYZE' step in '/home/sims0702/Documents/University/phase-3-courses/complex-digital-design/cdd_lab_3/cdd_lab_3.sim/sim_1/behav/xsim'
xvlog --incr --relax -prj uart_top_TB_vlog.prj
INFO: [USF-XSim-69] 'compile' step finished in '1' seconds
Command: launch_simulation -simset sim_1 -mode behavioral
INFO: [Vivado 12-5698] Checking validity of IPs in the design for the 'XSim' simulator...
WARNING: [BD 41-1731] Type mismatch between connected pins: /iClk(clk) and /uart_top_0/iClk(undef)
INFO: [Vivado 12-5682] Launching behavioral simulation in '/home/sims0702/Documents/University/phase-3-courses/complex-digital-design/cdd_lab_3/cdd_lab_3.sim/sim_1/behav/xsim'
INFO: [Vivado 12-4795] Using compiled simulation libraries for IPs
INFO: [USF-XSim-3] XSim::Elaborate design
INFO: [USF-XSim-61] Executing 'ELABORATE' step in '/home/sims0702/Documents/University/phase-3-courses/complex-digital-design/cdd_lab_3/cdd_lab_3.sim/sim_1/behav/xsim'
xelab -wto 4756b1523ea54048863f0292b42e8cf6 --incr --debug typical --relax --mt 8 -L xil_defaultlib -L unisims_ver -L unimacro_ver -L secureip -L xpm --snapshot uart_top_TB_behav xil_defaultlib.uart_top_TB xil_defaultlib.glbl -log elaborate.log
Vivado Simulator 2020.1
Copyright 1986-1999, 2001-2020 Xilinx, Inc. All Rights Reserved.
Running: /tools/Xilinx/Vivado/2020.1/bin/unwrapped/lnx64.o/xelab -wto 4756b1523ea54048863f0292b42e8cf6 --incr --debug typical --relax --mt 8 -L xil_defaultlib -L unisims_ver -L unimacro_ver -L secureip -L xpm --snapshot uart_top_TB_behav xil_defaultlib.uart_top_TB xil_defaultlib.glbl -log elaborate.log 
Using 8 slave threads.
Starting static elaboration
Pass Through NonSizing Optimizer
WARNING: [VRFC 10-3091] actual bit length 32 differs from formal bit length 1 for port 'iBtn' [/home/sims0702/Documents/University/phase-3-courses/complex-digital-design/cdd_lab_3/cdd_lab_3.srcs/sources_1/imports/Downloads/uart_top.v:71]
WARNING: [VRFC 10-3283] element index 16 into 'rOpA' is out of bounds [/home/sims0702/Documents/University/phase-3-courses/complex-digital-design/cdd_lab_3/cdd_lab_3.srcs/sim_1/imports/Downloads/uart_top_TB.v:99]
Completed static elaboration
INFO: [XSIM 43-4323] No Change in HDL. Linking previously generated obj files to create kernel
INFO: [USF-XSim-69] 'elaborate' step finished in '1' seconds
Vivado Simulator 2020.1
INFO: [Wavedata 42-565] Reading protoinst file protoinst_files/design_1.protoinst
WARNING: [Wavedata 42-558] Couldn't load one or more protocol instances from protoinst file protoinst_files/design_1.protoinst for the following reason(s):
There are no instances of module "design_1" in the design.

Time resolution is 1 ps
relaunch_sim
Command: launch_simulation -simset sim_1 -mode behavioral
INFO: [Vivado 12-5698] Checking validity of IPs in the design for the 'XSim' simulator...
WARNING: [BD 41-1731] Type mismatch between connected pins: /iClk(clk) and /uart_top_0/iClk(undef)
INFO: [Vivado 12-5682] Launching behavioral simulation in '/home/sims0702/Documents/University/phase-3-courses/complex-digital-design/cdd_lab_3/cdd_lab_3.sim/sim_1/behav/xsim'
INFO: [Vivado 12-4795] Using compiled simulation libraries for IPs
INFO: [SIM-utils-51] Simulation object is 'sim_1'
INFO: [USF-XSim-7] Finding pre-compiled libraries...
INFO: [USF-XSim-11] File '/tools/Xilinx/Vivado/2020.1/data/xsim/xsim.ini' copied to run dir:'/home/sims0702/Documents/University/phase-3-courses/complex-digital-design/cdd_lab_3/cdd_lab_3.sim/sim_1/behav/xsim'
INFO: [SIM-utils-54] Inspecting design source files for 'uart_top_TB' in fileset 'sim_1'...
INFO: [USF-XSim-97] Finding global include files...
INFO: [USF-XSim-98] Fetching design files from 'sim_1'...
INFO: [USF-XSim-2] XSim::Compile design
INFO: [USF-XSim-61] Executing 'COMPILE and ANALYZE' step in '/home/sims0702/Documents/University/phase-3-courses/complex-digital-design/cdd_lab_3/cdd_lab_3.sim/sim_1/behav/xsim'
xvlog --incr --relax -prj uart_top_TB_vlog.prj
INFO: [USF-XSim-69] 'compile' step finished in '1' seconds
Command: launch_simulation -simset sim_1 -mode behavioral
INFO: [Vivado 12-5698] Checking validity of IPs in the design for the 'XSim' simulator...
WARNING: [BD 41-1731] Type mismatch between connected pins: /iClk(clk) and /uart_top_0/iClk(undef)
INFO: [Vivado 12-5682] Launching behavioral simulation in '/home/sims0702/Documents/University/phase-3-courses/complex-digital-design/cdd_lab_3/cdd_lab_3.sim/sim_1/behav/xsim'
INFO: [Vivado 12-4795] Using compiled simulation libraries for IPs
INFO: [USF-XSim-3] XSim::Elaborate design
INFO: [USF-XSim-61] Executing 'ELABORATE' step in '/home/sims0702/Documents/University/phase-3-courses/complex-digital-design/cdd_lab_3/cdd_lab_3.sim/sim_1/behav/xsim'
xelab -wto 4756b1523ea54048863f0292b42e8cf6 --incr --debug typical --relax --mt 8 -L xil_defaultlib -L unisims_ver -L unimacro_ver -L secureip -L xpm --snapshot uart_top_TB_behav xil_defaultlib.uart_top_TB xil_defaultlib.glbl -log elaborate.log
Vivado Simulator 2020.1
Copyright 1986-1999, 2001-2020 Xilinx, Inc. All Rights Reserved.
Running: /tools/Xilinx/Vivado/2020.1/bin/unwrapped/lnx64.o/xelab -wto 4756b1523ea54048863f0292b42e8cf6 --incr --debug typical --relax --mt 8 -L xil_defaultlib -L unisims_ver -L unimacro_ver -L secureip -L xpm --snapshot uart_top_TB_behav xil_defaultlib.uart_top_TB xil_defaultlib.glbl -log elaborate.log 
Using 8 slave threads.
Starting static elaboration
Pass Through NonSizing Optimizer
WARNING: [VRFC 10-3091] actual bit length 32 differs from formal bit length 1 for port 'iBtn' [/home/sims0702/Documents/University/phase-3-courses/complex-digital-design/cdd_lab_3/cdd_lab_3.srcs/sources_1/imports/Downloads/uart_top.v:71]
WARNING: [VRFC 10-3283] element index 16 into 'rOpA' is out of bounds [/home/sims0702/Documents/University/phase-3-courses/complex-digital-design/cdd_lab_3/cdd_lab_3.srcs/sim_1/imports/Downloads/uart_top_TB.v:99]
Completed static elaboration
INFO: [XSIM 43-4323] No Change in HDL. Linking previously generated obj files to create kernel
INFO: [USF-XSim-69] 'elaborate' step finished in '1' seconds
Vivado Simulator 2020.1
INFO: [Wavedata 42-565] Reading protoinst file protoinst_files/design_1.protoinst
WARNING: [Wavedata 42-558] Couldn't load one or more protocol instances from protoinst file protoinst_files/design_1.protoinst for the following reason(s):
There are no instances of module "design_1" in the design.

Time resolution is 1 ps
run 10 ns
run 10 ns
run 10 ns
run 10 ns
run 10 ns
run 10 ns
add_bp {/home/sims0702/Documents/University/phase-3-courses/complex-digital-design/cdd_lab_3/cdd_lab_3.srcs/sim_1/imports/Downloads/uart_top_TB.v} 72
add_bp {/home/sims0702/Documents/University/phase-3-courses/complex-digital-design/cdd_lab_3/cdd_lab_3.srcs/sim_1/imports/Downloads/uart_top_TB.v} 79
run all
Stopped at time : 1246 ns : File "/home/sims0702/Documents/University/phase-3-courses/complex-digital-design/cdd_lab_3/cdd_lab_3.srcs/sim_1/imports/Downloads/uart_top_TB.v" Line 72
run all
Stopped at time : 1256 ns : File "/home/sims0702/Documents/University/phase-3-courses/complex-digital-design/cdd_lab_3/cdd_lab_3.srcs/sim_1/imports/Downloads/uart_top_TB.v" Line 79
run all
Stopped at time : 1654 ns : File "/home/sims0702/Documents/University/phase-3-courses/complex-digital-design/cdd_lab_3/cdd_lab_3.srcs/sim_1/imports/Downloads/uart_top_TB.v" Line 72
add_bp {/home/sims0702/Documents/University/phase-3-courses/complex-digital-design/cdd_lab_3/cdd_lab_3.srcs/sources_1/imports/Downloads/uart_top.v} 109
run all
Stopped at time : 1654 ns : File "/home/sims0702/Documents/University/phase-3-courses/complex-digital-design/cdd_lab_3/cdd_lab_3.srcs/sim_1/imports/Downloads/uart_top_TB.v" Line 74
run all
relaunch_sim
Command: launch_simulation -simset sim_1 -mode behavioral
INFO: [Vivado 12-5698] Checking validity of IPs in the design for the 'XSim' simulator...
WARNING: [BD 41-1731] Type mismatch between connected pins: /iClk(clk) and /uart_top_0/iClk(undef)
INFO: [Vivado 12-5682] Launching behavioral simulation in '/home/sims0702/Documents/University/phase-3-courses/complex-digital-design/cdd_lab_3/cdd_lab_3.sim/sim_1/behav/xsim'
INFO: [Vivado 12-4795] Using compiled simulation libraries for IPs
INFO: [SIM-utils-51] Simulation object is 'sim_1'
INFO: [USF-XSim-7] Finding pre-compiled libraries...
INFO: [USF-XSim-11] File '/tools/Xilinx/Vivado/2020.1/data/xsim/xsim.ini' copied to run dir:'/home/sims0702/Documents/University/phase-3-courses/complex-digital-design/cdd_lab_3/cdd_lab_3.sim/sim_1/behav/xsim'
INFO: [SIM-utils-54] Inspecting design source files for 'uart_top_TB' in fileset 'sim_1'...
INFO: [USF-XSim-97] Finding global include files...
INFO: [USF-XSim-98] Fetching design files from 'sim_1'...
INFO: [USF-XSim-2] XSim::Compile design
INFO: [USF-XSim-61] Executing 'COMPILE and ANALYZE' step in '/home/sims0702/Documents/University/phase-3-courses/complex-digital-design/cdd_lab_3/cdd_lab_3.sim/sim_1/behav/xsim'
xvlog --incr --relax -prj uart_top_TB_vlog.prj
INFO: [VRFC 10-2263] Analyzing Verilog file "/home/sims0702/Documents/University/phase-3-courses/complex-digital-design/cdd_lab_3/cdd_lab_3.srcs/sources_1/imports/new/full_adder.v" into library xil_defaultlib
INFO: [VRFC 10-311] analyzing module full_adder
INFO: [VRFC 10-2263] Analyzing Verilog file "/home/sims0702/Documents/University/phase-3-courses/complex-digital-design/cdd_lab_3/cdd_lab_3.srcs/sources_1/new/mp_adder.v" into library xil_defaultlib
INFO: [VRFC 10-311] analyzing module mp_adder
INFO: [VRFC 10-2263] Analyzing Verilog file "/home/sims0702/Documents/University/phase-3-courses/complex-digital-design/cdd_lab_3/cdd_lab_3.srcs/sources_1/imports/new/ripple_carry_adder_Nb.v" into library xil_defaultlib
INFO: [VRFC 10-311] analyzing module ripple_carry_adder_Nb
INFO: [VRFC 10-2263] Analyzing Verilog file "/home/sims0702/Documents/University/phase-3-courses/complex-digital-design/cdd_lab_3/cdd_lab_3.srcs/sources_1/new/uart_receiver.v" into library xil_defaultlib
INFO: [VRFC 10-311] analyzing module uart_receiver
INFO: [VRFC 10-2263] Analyzing Verilog file "/home/sims0702/Documents/University/phase-3-courses/complex-digital-design/cdd_lab_3/cdd_lab_3.srcs/sources_1/imports/Downloads/uart_top.v" into library xil_defaultlib
INFO: [VRFC 10-311] analyzing module uart_top
INFO: [VRFC 10-2263] Analyzing Verilog file "/home/sims0702/Documents/University/phase-3-courses/complex-digital-design/cdd_lab_3/cdd_lab_3.srcs/sources_1/imports/Downloads/uart_tx.v" into library xil_defaultlib
INFO: [VRFC 10-311] analyzing module uart_tx
INFO: [VRFC 10-2263] Analyzing Verilog file "/home/sims0702/Documents/University/phase-3-courses/complex-digital-design/cdd_lab_3/cdd_lab_3.srcs/sim_1/imports/Downloads/uart_top_TB.v" into library xil_defaultlib
INFO: [VRFC 10-311] analyzing module uart_top_TB
INFO: [USF-XSim-69] 'compile' step finished in '1' seconds
Command: launch_simulation -simset sim_1 -mode behavioral
INFO: [Vivado 12-5698] Checking validity of IPs in the design for the 'XSim' simulator...
WARNING: [BD 41-1731] Type mismatch between connected pins: /iClk(clk) and /uart_top_0/iClk(undef)
INFO: [Vivado 12-5682] Launching behavioral simulation in '/home/sims0702/Documents/University/phase-3-courses/complex-digital-design/cdd_lab_3/cdd_lab_3.sim/sim_1/behav/xsim'
INFO: [Vivado 12-4795] Using compiled simulation libraries for IPs
INFO: [USF-XSim-3] XSim::Elaborate design
INFO: [USF-XSim-61] Executing 'ELABORATE' step in '/home/sims0702/Documents/University/phase-3-courses/complex-digital-design/cdd_lab_3/cdd_lab_3.sim/sim_1/behav/xsim'
xelab -wto 4756b1523ea54048863f0292b42e8cf6 --incr --debug typical --relax --mt 8 -L xil_defaultlib -L unisims_ver -L unimacro_ver -L secureip -L xpm --snapshot uart_top_TB_behav xil_defaultlib.uart_top_TB xil_defaultlib.glbl -log elaborate.log
Vivado Simulator 2020.1
Copyright 1986-1999, 2001-2020 Xilinx, Inc. All Rights Reserved.
Running: /tools/Xilinx/Vivado/2020.1/bin/unwrapped/lnx64.o/xelab -wto 4756b1523ea54048863f0292b42e8cf6 --incr --debug typical --relax --mt 8 -L xil_defaultlib -L unisims_ver -L unimacro_ver -L secureip -L xpm --snapshot uart_top_TB_behav xil_defaultlib.uart_top_TB xil_defaultlib.glbl -log elaborate.log 
Using 8 slave threads.
Starting static elaboration
Pass Through NonSizing Optimizer
WARNING: [VRFC 10-3091] actual bit length 32 differs from formal bit length 1 for port 'iBtn' [/home/sims0702/Documents/University/phase-3-courses/complex-digital-design/cdd_lab_3/cdd_lab_3.srcs/sources_1/imports/Downloads/uart_top.v:71]
WARNING: [VRFC 10-3283] element index 16 into 'rOpA' is out of bounds [/home/sims0702/Documents/University/phase-3-courses/complex-digital-design/cdd_lab_3/cdd_lab_3.srcs/sim_1/imports/Downloads/uart_top_TB.v:99]
Completed static elaboration
Starting simulation data flow analysis
Completed simulation data flow analysis
Time Resolution for simulation is 1ps
Compiling module xil_defaultlib.uart_tx(CLK_FREQ=100,BAUD_RATE=1...
Compiling module xil_defaultlib.uart_receiver(CLK_FREQ=100,BAUD_...
Compiling module xil_defaultlib.full_adder
Compiling module xil_defaultlib.ripple_carry_adder_Nb(ADDER_WIDT...
Compiling module xil_defaultlib.mp_adder(OPERAND_WIDTH=16,ADDER_...
Compiling module xil_defaultlib.uart_top(CLK_FREQ=100,BAUD_RATE=...
Compiling module xil_defaultlib.uart_top_TB
Compiling module xil_defaultlib.glbl
Built simulation snapshot uart_top_TB_behav
INFO: [USF-XSim-69] 'elaborate' step finished in '1' seconds
Vivado Simulator 2020.1
INFO: [Wavedata 42-565] Reading protoinst file protoinst_files/design_1.protoinst
WARNING: [Wavedata 42-558] Couldn't load one or more protocol instances from protoinst file protoinst_files/design_1.protoinst for the following reason(s):
There are no instances of module "design_1" in the design.

Time resolution is 1 ps
Stopped at time : 438 ns : File "/home/sims0702/Documents/University/phase-3-courses/complex-digital-design/cdd_lab_3/cdd_lab_3.srcs/sources_1/imports/Downloads/uart_top.v" Line 109
relaunch_sim: Time (s): cpu = 00:00:12 ; elapsed = 00:00:09 . Memory (MB): peak = 7360.879 ; gain = 10.004 ; free physical = 3550 ; free virtual = 9881
run all
Stopped at time : 1246 ns : File "/home/sims0702/Documents/University/phase-3-courses/complex-digital-design/cdd_lab_3/cdd_lab_3.srcs/sim_1/imports/Downloads/uart_top_TB.v" Line 72
run all
Stopped at time : 1256 ns : File "/home/sims0702/Documents/University/phase-3-courses/complex-digital-design/cdd_lab_3/cdd_lab_3.srcs/sim_1/imports/Downloads/uart_top_TB.v" Line 79
run all
Stopped at time : 1654 ns : File "/home/sims0702/Documents/University/phase-3-courses/complex-digital-design/cdd_lab_3/cdd_lab_3.srcs/sim_1/imports/Downloads/uart_top_TB.v" Line 72
run all
Stopped at time : 1654 ns : File "/home/sims0702/Documents/University/phase-3-courses/complex-digital-design/cdd_lab_3/cdd_lab_3.srcs/sim_1/imports/Downloads/uart_top_TB.v" Line 74
run all
add_bp {/home/sims0702/Documents/University/phase-3-courses/complex-digital-design/cdd_lab_3/cdd_lab_3.srcs/sources_1/imports/Downloads/uart_top.v} 144
relaunch_sim
Command: launch_simulation -simset sim_1 -mode behavioral
INFO: [Vivado 12-5698] Checking validity of IPs in the design for the 'XSim' simulator...
WARNING: [BD 41-1731] Type mismatch between connected pins: /iClk(clk) and /uart_top_0/iClk(undef)
INFO: [Vivado 12-5682] Launching behavioral simulation in '/home/sims0702/Documents/University/phase-3-courses/complex-digital-design/cdd_lab_3/cdd_lab_3.sim/sim_1/behav/xsim'
INFO: [Vivado 12-4795] Using compiled simulation libraries for IPs
INFO: [SIM-utils-51] Simulation object is 'sim_1'
INFO: [USF-XSim-7] Finding pre-compiled libraries...
INFO: [USF-XSim-11] File '/tools/Xilinx/Vivado/2020.1/data/xsim/xsim.ini' copied to run dir:'/home/sims0702/Documents/University/phase-3-courses/complex-digital-design/cdd_lab_3/cdd_lab_3.sim/sim_1/behav/xsim'
INFO: [SIM-utils-54] Inspecting design source files for 'uart_top_TB' in fileset 'sim_1'...
INFO: [USF-XSim-97] Finding global include files...
INFO: [USF-XSim-98] Fetching design files from 'sim_1'...
INFO: [USF-XSim-2] XSim::Compile design
INFO: [USF-XSim-61] Executing 'COMPILE and ANALYZE' step in '/home/sims0702/Documents/University/phase-3-courses/complex-digital-design/cdd_lab_3/cdd_lab_3.sim/sim_1/behav/xsim'
xvlog --incr --relax -prj uart_top_TB_vlog.prj
INFO: [USF-XSim-69] 'compile' step finished in '1' seconds
Command: launch_simulation -simset sim_1 -mode behavioral
INFO: [Vivado 12-5698] Checking validity of IPs in the design for the 'XSim' simulator...
WARNING: [BD 41-1731] Type mismatch between connected pins: /iClk(clk) and /uart_top_0/iClk(undef)
INFO: [Vivado 12-5682] Launching behavioral simulation in '/home/sims0702/Documents/University/phase-3-courses/complex-digital-design/cdd_lab_3/cdd_lab_3.sim/sim_1/behav/xsim'
INFO: [Vivado 12-4795] Using compiled simulation libraries for IPs
INFO: [USF-XSim-3] XSim::Elaborate design
INFO: [USF-XSim-61] Executing 'ELABORATE' step in '/home/sims0702/Documents/University/phase-3-courses/complex-digital-design/cdd_lab_3/cdd_lab_3.sim/sim_1/behav/xsim'
xelab -wto 4756b1523ea54048863f0292b42e8cf6 --incr --debug typical --relax --mt 8 -L xil_defaultlib -L unisims_ver -L unimacro_ver -L secureip -L xpm --snapshot uart_top_TB_behav xil_defaultlib.uart_top_TB xil_defaultlib.glbl -log elaborate.log
Vivado Simulator 2020.1
Copyright 1986-1999, 2001-2020 Xilinx, Inc. All Rights Reserved.
Running: /tools/Xilinx/Vivado/2020.1/bin/unwrapped/lnx64.o/xelab -wto 4756b1523ea54048863f0292b42e8cf6 --incr --debug typical --relax --mt 8 -L xil_defaultlib -L unisims_ver -L unimacro_ver -L secureip -L xpm --snapshot uart_top_TB_behav xil_defaultlib.uart_top_TB xil_defaultlib.glbl -log elaborate.log 
Using 8 slave threads.
Starting static elaboration
Pass Through NonSizing Optimizer
WARNING: [VRFC 10-3091] actual bit length 32 differs from formal bit length 1 for port 'iBtn' [/home/sims0702/Documents/University/phase-3-courses/complex-digital-design/cdd_lab_3/cdd_lab_3.srcs/sources_1/imports/Downloads/uart_top.v:71]
WARNING: [VRFC 10-3283] element index 16 into 'rOpA' is out of bounds [/home/sims0702/Documents/University/phase-3-courses/complex-digital-design/cdd_lab_3/cdd_lab_3.srcs/sim_1/imports/Downloads/uart_top_TB.v:99]
Completed static elaboration
INFO: [XSIM 43-4323] No Change in HDL. Linking previously generated obj files to create kernel
INFO: [USF-XSim-69] 'elaborate' step finished in '1' seconds
Vivado Simulator 2020.1
INFO: [Wavedata 42-565] Reading protoinst file protoinst_files/design_1.protoinst
WARNING: [Wavedata 42-558] Couldn't load one or more protocol instances from protoinst file protoinst_files/design_1.protoinst for the following reason(s):
There are no instances of module "design_1" in the design.

Time resolution is 1 ps
Stopped at time : 438 ns : File "/home/sims0702/Documents/University/phase-3-courses/complex-digital-design/cdd_lab_3/cdd_lab_3.srcs/sources_1/imports/Downloads/uart_top.v" Line 109
add_bp {/home/sims0702/Documents/University/phase-3-courses/complex-digital-design/cdd_lab_3/cdd_lab_3.srcs/sources_1/imports/Downloads/uart_top.v} 120
run all
Stopped at time : 442 ns : File "/home/sims0702/Documents/University/phase-3-courses/complex-digital-design/cdd_lab_3/cdd_lab_3.srcs/sources_1/imports/Downloads/uart_top.v" Line 120
add_bp {/home/sims0702/Documents/University/phase-3-courses/complex-digital-design/cdd_lab_3/cdd_lab_3.srcs/sources_1/imports/Downloads/uart_top.v} 116
remove_bps -file {/home/sims0702/Documents/University/phase-3-courses/complex-digital-design/cdd_lab_3/cdd_lab_3.srcs/sources_1/imports/Downloads/uart_top.v} -line 120
run all
Stopped at time : 846 ns : File "/home/sims0702/Documents/University/phase-3-courses/complex-digital-design/cdd_lab_3/cdd_lab_3.srcs/sources_1/imports/Downloads/uart_top.v" Line 116
add_bp {/home/sims0702/Documents/University/phase-3-courses/complex-digital-design/cdd_lab_3/cdd_lab_3.srcs/sources_1/imports/Downloads/uart_top.v} 127
add_bp {/home/sims0702/Documents/University/phase-3-courses/complex-digital-design/cdd_lab_3/cdd_lab_3.srcs/sources_1/imports/Downloads/uart_top.v} 133
run all
Stopped at time : 1246 ns : File "/home/sims0702/Documents/University/phase-3-courses/complex-digital-design/cdd_lab_3/cdd_lab_3.srcs/sim_1/imports/Downloads/uart_top_TB.v" Line 72
run all
Stopped at time : 1254 ns : File "/home/sims0702/Documents/University/phase-3-courses/complex-digital-design/cdd_lab_3/cdd_lab_3.srcs/sources_1/imports/Downloads/uart_top.v" Line 127
run all
Stopped at time : 1256 ns : File "/home/sims0702/Documents/University/phase-3-courses/complex-digital-design/cdd_lab_3/cdd_lab_3.srcs/sim_1/imports/Downloads/uart_top_TB.v" Line 79
run all
Stopped at time : 1654 ns : File "/home/sims0702/Documents/University/phase-3-courses/complex-digital-design/cdd_lab_3/cdd_lab_3.srcs/sim_1/imports/Downloads/uart_top_TB.v" Line 72
run all
Stopped at time : 1654 ns : File "/home/sims0702/Documents/University/phase-3-courses/complex-digital-design/cdd_lab_3/cdd_lab_3.srcs/sim_1/imports/Downloads/uart_top_TB.v" Line 74
run all
Stopped at time : 1662 ns : File "/home/sims0702/Documents/University/phase-3-courses/complex-digital-design/cdd_lab_3/cdd_lab_3.srcs/sources_1/imports/Downloads/uart_top.v" Line 133
run all
Stopped at time : 1666 ns : File "/home/sims0702/Documents/University/phase-3-courses/complex-digital-design/cdd_lab_3/cdd_lab_3.srcs/sources_1/imports/Downloads/uart_top.v" Line 144
add_bp {/home/sims0702/Documents/University/phase-3-courses/complex-digital-design/cdd_lab_3/cdd_lab_3.srcs/sources_1/imports/Downloads/uart_top.v} 146
run all
Stopped at time : 1670 ns : File "/home/sims0702/Documents/University/phase-3-courses/complex-digital-design/cdd_lab_3/cdd_lab_3.srcs/sources_1/imports/Downloads/uart_top.v" Line 144
run all
Stopped at time : 1674 ns : File "/home/sims0702/Documents/University/phase-3-courses/complex-digital-design/cdd_lab_3/cdd_lab_3.srcs/sources_1/imports/Downloads/uart_top.v" Line 144
run all
Stopped at time : 1678 ns : File "/home/sims0702/Documents/University/phase-3-courses/complex-digital-design/cdd_lab_3/cdd_lab_3.srcs/sources_1/imports/Downloads/uart_top.v" Line 144
run all
Stopped at time : 1682 ns : File "/home/sims0702/Documents/University/phase-3-courses/complex-digital-design/cdd_lab_3/cdd_lab_3.srcs/sources_1/imports/Downloads/uart_top.v" Line 144
run all
Stopped at time : 1686 ns : File "/home/sims0702/Documents/University/phase-3-courses/complex-digital-design/cdd_lab_3/cdd_lab_3.srcs/sources_1/imports/Downloads/uart_top.v" Line 144
run all
Stopped at time : 1686 ns : File "/home/sims0702/Documents/University/phase-3-courses/complex-digital-design/cdd_lab_3/cdd_lab_3.srcs/sources_1/imports/Downloads/uart_top.v" Line 146
run all
run: Time (s): cpu = 00:00:04 ; elapsed = 00:00:05 . Memory (MB): peak = 7365.879 ; gain = 0.000 ; free physical = 2805 ; free virtual = 9325
restart
INFO: [Simtcl 6-17] Simulation restarted
run all
Stopped at time : 438 ns : File "/home/sims0702/Documents/University/phase-3-courses/complex-digital-design/cdd_lab_3/cdd_lab_3.srcs/sources_1/imports/Downloads/uart_top.v" Line 109
remove_bps -file {/home/sims0702/Documents/University/phase-3-courses/complex-digital-design/cdd_lab_3/cdd_lab_3.srcs/sources_1/imports/Downloads/uart_top.v} -line 109
remove_bps -file {/home/sims0702/Documents/University/phase-3-courses/complex-digital-design/cdd_lab_3/cdd_lab_3.srcs/sources_1/imports/Downloads/uart_top.v} -line 116
remove_bps -file {/home/sims0702/Documents/University/phase-3-courses/complex-digital-design/cdd_lab_3/cdd_lab_3.srcs/sources_1/imports/Downloads/uart_top.v} -line 127
remove_bps -file {/home/sims0702/Documents/University/phase-3-courses/complex-digital-design/cdd_lab_3/cdd_lab_3.srcs/sources_1/imports/Downloads/uart_top.v} -line 133
run all
Stopped at time : 1246 ns : File "/home/sims0702/Documents/University/phase-3-courses/complex-digital-design/cdd_lab_3/cdd_lab_3.srcs/sim_1/imports/Downloads/uart_top_TB.v" Line 72
run all
Stopped at time : 1256 ns : File "/home/sims0702/Documents/University/phase-3-courses/complex-digital-design/cdd_lab_3/cdd_lab_3.srcs/sim_1/imports/Downloads/uart_top_TB.v" Line 79
run all
Stopped at time : 1654 ns : File "/home/sims0702/Documents/University/phase-3-courses/complex-digital-design/cdd_lab_3/cdd_lab_3.srcs/sim_1/imports/Downloads/uart_top_TB.v" Line 72
remove_bps -file {/home/sims0702/Documents/University/phase-3-courses/complex-digital-design/cdd_lab_3/cdd_lab_3.srcs/sim_1/imports/Downloads/uart_top_TB.v} -line 72
remove_bps -file {/home/sims0702/Documents/University/phase-3-courses/complex-digital-design/cdd_lab_3/cdd_lab_3.srcs/sim_1/imports/Downloads/uart_top_TB.v} -line 74
remove_bps -file {/home/sims0702/Documents/University/phase-3-courses/complex-digital-design/cdd_lab_3/cdd_lab_3.srcs/sim_1/imports/Downloads/uart_top_TB.v} -line 79
run all
Stopped at time : 1666 ns : File "/home/sims0702/Documents/University/phase-3-courses/complex-digital-design/cdd_lab_3/cdd_lab_3.srcs/sources_1/imports/Downloads/uart_top.v" Line 144
run all
Stopped at time : 1670 ns : File "/home/sims0702/Documents/University/phase-3-courses/complex-digital-design/cdd_lab_3/cdd_lab_3.srcs/sources_1/imports/Downloads/uart_top.v" Line 144
run all
Stopped at time : 1674 ns : File "/home/sims0702/Documents/University/phase-3-courses/complex-digital-design/cdd_lab_3/cdd_lab_3.srcs/sources_1/imports/Downloads/uart_top.v" Line 144
run all
Stopped at time : 1678 ns : File "/home/sims0702/Documents/University/phase-3-courses/complex-digital-design/cdd_lab_3/cdd_lab_3.srcs/sources_1/imports/Downloads/uart_top.v" Line 144
run all
Stopped at time : 1682 ns : File "/home/sims0702/Documents/University/phase-3-courses/complex-digital-design/cdd_lab_3/cdd_lab_3.srcs/sources_1/imports/Downloads/uart_top.v" Line 144
run all
Stopped at time : 1686 ns : File "/home/sims0702/Documents/University/phase-3-courses/complex-digital-design/cdd_lab_3/cdd_lab_3.srcs/sources_1/imports/Downloads/uart_top.v" Line 144
run all
Stopped at time : 1686 ns : File "/home/sims0702/Documents/University/phase-3-courses/complex-digital-design/cdd_lab_3/cdd_lab_3.srcs/sources_1/imports/Downloads/uart_top.v" Line 146
run all
reset_run impl_1 -prev_step 
launch_runs impl_1 -to_step write_bitstream -jobs 6
[Sun May 12 12:20:57 2024] Launched impl_1...
Run output will be captured here: /home/sims0702/Documents/University/phase-3-courses/complex-digital-design/cdd_lab_3/cdd_lab_3.runs/impl_1/runme.log
open_hw_manager
connect_hw_server -allow_non_jtag
INFO: [Labtools 27-2285] Connecting to hw_server url TCP:localhost:3121
INFO: [Labtools 27-2222] Launching hw_server...
INFO: [Labtools 27-2221] Launch Output:

****** Xilinx hw_server v2020.1
  **** Build date : May 27 2020 at 20:33:44
    ** Copyright 1986-2020 Xilinx, Inc. All Rights Reserved.


INFO: [Labtools 27-3415] Connecting to cs_server url TCP:localhost:3042
INFO: [Labtools 27-3417] Launching cs_server...
INFO: [Labtools 27-2221] Launch Output:


****** Xilinx cs_server v2020.1.0
  **** Build date : May 14 2020-03:10:29
    ** Copyright 2017-2020 Xilinx, Inc. All Rights Reserved.



open_hw_target
INFO: [Labtoolstcl 44-466] Opening hw_target localhost:3121/xilinx_tcf/Xilinx/1234-tulA
set_property PROGRAM.FILE {/home/sims0702/Documents/University/phase-3-courses/complex-digital-design/cdd_lab_3/cdd_lab_3.runs/impl_1/design_1_wrapper.bit} [get_hw_devices xc7z020_1]
current_hw_device [get_hw_devices xc7z020_1]
refresh_hw_device -update_hw_probes false [lindex [get_hw_devices xc7z020_1] 0]
INFO: [Labtools 27-1434] Device xc7z020 (JTAG device index = 1) is programmed with a design that has no supported debug core(s) in it.
set_property PROBES.FILE {} [get_hw_devices xc7z020_1]
set_property FULL_PROBES.FILE {} [get_hw_devices xc7z020_1]
set_property PROGRAM.FILE {/home/sims0702/Documents/University/phase-3-courses/complex-digital-design/cdd_lab_3/cdd_lab_3.runs/impl_1/design_1_wrapper.bit} [get_hw_devices xc7z020_1]
program_hw_devices [get_hw_devices xc7z020_1]
INFO: [Labtools 27-3164] End of startup status: HIGH
refresh_hw_device [lindex [get_hw_devices xc7z020_1] 0]
INFO: [Labtools 27-1434] Device xc7z020 (JTAG device index = 1) is programmed with a design that has no supported debug core(s) in it.
set_property PROBES.FILE {} [get_hw_devices xc7z020_1]
set_property FULL_PROBES.FILE {} [get_hw_devices xc7z020_1]
set_property PROGRAM.FILE {/home/sims0702/Documents/University/phase-3-courses/complex-digital-design/cdd_lab_3/cdd_lab_3.runs/impl_1/design_1_wrapper.bit} [get_hw_devices xc7z020_1]
program_hw_devices [get_hw_devices xc7z020_1]
INFO: [Labtools 27-3164] End of startup status: HIGH
refresh_hw_device [lindex [get_hw_devices xc7z020_1] 0]
INFO: [Labtools 27-1434] Device xc7z020 (JTAG device index = 1) is programmed with a design that has no supported debug core(s) in it.
close_hw_manager
add_bp {/home/sims0702/Documents/University/phase-3-courses/complex-digital-design/cdd_lab_3/cdd_lab_3.srcs/sim_1/imports/Downloads/uart_top_TB.v} 57
relaunch_sim
Command: launch_simulation -simset sim_1 -mode behavioral
INFO: [Vivado 12-5698] Checking validity of IPs in the design for the 'XSim' simulator...
WARNING: [BD 41-1731] Type mismatch between connected pins: /iClk(clk) and /uart_top_0/iClk(undef)
INFO: [Vivado 12-5682] Launching behavioral simulation in '/home/sims0702/Documents/University/phase-3-courses/complex-digital-design/cdd_lab_3/cdd_lab_3.sim/sim_1/behav/xsim'
INFO: [Vivado 12-4795] Using compiled simulation libraries for IPs
INFO: [SIM-utils-51] Simulation object is 'sim_1'
INFO: [USF-XSim-7] Finding pre-compiled libraries...
INFO: [USF-XSim-11] File '/tools/Xilinx/Vivado/2020.1/data/xsim/xsim.ini' copied to run dir:'/home/sims0702/Documents/University/phase-3-courses/complex-digital-design/cdd_lab_3/cdd_lab_3.sim/sim_1/behav/xsim'
INFO: [SIM-utils-54] Inspecting design source files for 'uart_top_TB' in fileset 'sim_1'...
INFO: [USF-XSim-97] Finding global include files...
INFO: [USF-XSim-98] Fetching design files from 'sim_1'...
INFO: [USF-XSim-2] XSim::Compile design
INFO: [USF-XSim-61] Executing 'COMPILE and ANALYZE' step in '/home/sims0702/Documents/University/phase-3-courses/complex-digital-design/cdd_lab_3/cdd_lab_3.sim/sim_1/behav/xsim'
xvlog --incr --relax -prj uart_top_TB_vlog.prj
INFO: [VRFC 10-2263] Analyzing Verilog file "/home/sims0702/Documents/University/phase-3-courses/complex-digital-design/cdd_lab_3/cdd_lab_3.srcs/sources_1/imports/new/full_adder.v" into library xil_defaultlib
INFO: [VRFC 10-311] analyzing module full_adder
INFO: [VRFC 10-2263] Analyzing Verilog file "/home/sims0702/Documents/University/phase-3-courses/complex-digital-design/cdd_lab_3/cdd_lab_3.srcs/sources_1/new/mp_adder.v" into library xil_defaultlib
INFO: [VRFC 10-311] analyzing module mp_adder
INFO: [VRFC 10-2263] Analyzing Verilog file "/home/sims0702/Documents/University/phase-3-courses/complex-digital-design/cdd_lab_3/cdd_lab_3.srcs/sources_1/imports/new/ripple_carry_adder_Nb.v" into library xil_defaultlib
INFO: [VRFC 10-311] analyzing module ripple_carry_adder_Nb
INFO: [VRFC 10-2263] Analyzing Verilog file "/home/sims0702/Documents/University/phase-3-courses/complex-digital-design/cdd_lab_3/cdd_lab_3.srcs/sources_1/new/uart_receiver.v" into library xil_defaultlib
INFO: [VRFC 10-311] analyzing module uart_receiver
INFO: [VRFC 10-2263] Analyzing Verilog file "/home/sims0702/Documents/University/phase-3-courses/complex-digital-design/cdd_lab_3/cdd_lab_3.srcs/sources_1/imports/Downloads/uart_top.v" into library xil_defaultlib
INFO: [VRFC 10-311] analyzing module uart_top
INFO: [VRFC 10-2263] Analyzing Verilog file "/home/sims0702/Documents/University/phase-3-courses/complex-digital-design/cdd_lab_3/cdd_lab_3.srcs/sources_1/imports/Downloads/uart_tx.v" into library xil_defaultlib
INFO: [VRFC 10-311] analyzing module uart_tx
INFO: [VRFC 10-2263] Analyzing Verilog file "/home/sims0702/Documents/University/phase-3-courses/complex-digital-design/cdd_lab_3/cdd_lab_3.srcs/sim_1/imports/Downloads/uart_top_TB.v" into library xil_defaultlib
INFO: [VRFC 10-311] analyzing module uart_top_TB
INFO: [USF-XSim-69] 'compile' step finished in '1' seconds
launch_simulation: Time (s): cpu = 00:00:06 ; elapsed = 00:00:05 . Memory (MB): peak = 8066.684 ; gain = 24.203 ; free physical = 1819 ; free virtual = 8301
Command: launch_simulation -simset sim_1 -mode behavioral
INFO: [Vivado 12-5698] Checking validity of IPs in the design for the 'XSim' simulator...
WARNING: [BD 41-1731] Type mismatch between connected pins: /iClk(clk) and /uart_top_0/iClk(undef)
INFO: [Vivado 12-5682] Launching behavioral simulation in '/home/sims0702/Documents/University/phase-3-courses/complex-digital-design/cdd_lab_3/cdd_lab_3.sim/sim_1/behav/xsim'
INFO: [Vivado 12-4795] Using compiled simulation libraries for IPs
INFO: [USF-XSim-3] XSim::Elaborate design
INFO: [USF-XSim-61] Executing 'ELABORATE' step in '/home/sims0702/Documents/University/phase-3-courses/complex-digital-design/cdd_lab_3/cdd_lab_3.sim/sim_1/behav/xsim'
xelab -wto 4756b1523ea54048863f0292b42e8cf6 --incr --debug typical --relax --mt 8 -L xil_defaultlib -L unisims_ver -L unimacro_ver -L secureip -L xpm --snapshot uart_top_TB_behav xil_defaultlib.uart_top_TB xil_defaultlib.glbl -log elaborate.log
Vivado Simulator 2020.1
Copyright 1986-1999, 2001-2020 Xilinx, Inc. All Rights Reserved.
Running: /tools/Xilinx/Vivado/2020.1/bin/unwrapped/lnx64.o/xelab -wto 4756b1523ea54048863f0292b42e8cf6 --incr --debug typical --relax --mt 8 -L xil_defaultlib -L unisims_ver -L unimacro_ver -L secureip -L xpm --snapshot uart_top_TB_behav xil_defaultlib.uart_top_TB xil_defaultlib.glbl -log elaborate.log 
Using 8 slave threads.
Starting static elaboration
Pass Through NonSizing Optimizer
WARNING: [VRFC 10-3091] actual bit length 32 differs from formal bit length 1 for port 'iBtn' [/home/sims0702/Documents/University/phase-3-courses/complex-digital-design/cdd_lab_3/cdd_lab_3.srcs/sources_1/imports/Downloads/uart_top.v:71]
WARNING: [VRFC 10-3283] element index 16 into 'rOpA' is out of bounds [/home/sims0702/Documents/University/phase-3-courses/complex-digital-design/cdd_lab_3/cdd_lab_3.srcs/sim_1/imports/Downloads/uart_top_TB.v:117]
Completed static elaboration
Starting simulation data flow analysis
Completed simulation data flow analysis
Time Resolution for simulation is 1ps
Compiling module xil_defaultlib.uart_tx(CLK_FREQ=100,BAUD_RATE=1...
Compiling module xil_defaultlib.uart_receiver(CLK_FREQ=100,BAUD_...
Compiling module xil_defaultlib.full_adder
Compiling module xil_defaultlib.ripple_carry_adder_Nb(ADDER_WIDT...
Compiling module xil_defaultlib.mp_adder(OPERAND_WIDTH=16,ADDER_...
Compiling module xil_defaultlib.uart_top(CLK_FREQ=100,BAUD_RATE=...
Compiling module xil_defaultlib.uart_top_TB
Compiling module xil_defaultlib.glbl
Built simulation snapshot uart_top_TB_behav
INFO: [USF-XSim-69] 'elaborate' step finished in '2' seconds
Vivado Simulator 2020.1
INFO: [Wavedata 42-565] Reading protoinst file protoinst_files/design_1.protoinst
WARNING: [Wavedata 42-558] Couldn't load one or more protocol instances from protoinst file protoinst_files/design_1.protoinst for the following reason(s):
There are no instances of module "design_1" in the design.

Time resolution is 1 ps
ERROR: [Wavedata 42-21] A waveform data source could not be established for the requested wave configuration.
relaunch_sim: Time (s): cpu = 00:00:16 ; elapsed = 00:00:09 . Memory (MB): peak = 8122.523 ; gain = 80.043 ; free physical = 1805 ; free virtual = 8275
restart
INFO: [Simtcl 6-17] Simulation restarted
run all
Stopped at time : 6 ns : File "/home/sims0702/Documents/University/phase-3-courses/complex-digital-design/cdd_lab_3/cdd_lab_3.srcs/sim_1/imports/Downloads/uart_top_TB.v" Line 57
run all
Stopped at time : 1666 ns : File "/home/sims0702/Documents/University/phase-3-courses/complex-digital-design/cdd_lab_3/cdd_lab_3.srcs/sources_1/imports/Downloads/uart_top.v" Line 144
run all
Stopped at time : 1670 ns : File "/home/sims0702/Documents/University/phase-3-courses/complex-digital-design/cdd_lab_3/cdd_lab_3.srcs/sources_1/imports/Downloads/uart_top.v" Line 144
run all
Stopped at time : 1674 ns : File "/home/sims0702/Documents/University/phase-3-courses/complex-digital-design/cdd_lab_3/cdd_lab_3.srcs/sources_1/imports/Downloads/uart_top.v" Line 144
run all
Stopped at time : 1678 ns : File "/home/sims0702/Documents/University/phase-3-courses/complex-digital-design/cdd_lab_3/cdd_lab_3.srcs/sources_1/imports/Downloads/uart_top.v" Line 144
run all
Stopped at time : 1682 ns : File "/home/sims0702/Documents/University/phase-3-courses/complex-digital-design/cdd_lab_3/cdd_lab_3.srcs/sources_1/imports/Downloads/uart_top.v" Line 144
run all
Stopped at time : 1686 ns : File "/home/sims0702/Documents/University/phase-3-courses/complex-digital-design/cdd_lab_3/cdd_lab_3.srcs/sources_1/imports/Downloads/uart_top.v" Line 144
run all
Stopped at time : 1686 ns : File "/home/sims0702/Documents/University/phase-3-courses/complex-digital-design/cdd_lab_3/cdd_lab_3.srcs/sources_1/imports/Downloads/uart_top.v" Line 146
run all
Stopped at time : 2098 ns : File "/home/sims0702/Documents/University/phase-3-courses/complex-digital-design/cdd_lab_3/cdd_lab_3.srcs/sim_1/imports/Downloads/uart_top_TB.v" Line 57
run all
Stopped at time : 2102 ns : File "/home/sims0702/Documents/University/phase-3-courses/complex-digital-design/cdd_lab_3/cdd_lab_3.srcs/sim_1/imports/Downloads/uart_top_TB.v" Line 57
run all
Stopped at time : 2510 ns : File "/home/sims0702/Documents/University/phase-3-courses/complex-digital-design/cdd_lab_3/cdd_lab_3.srcs/sim_1/imports/Downloads/uart_top_TB.v" Line 57
run all
Stopped at time : 2514 ns : File "/home/sims0702/Documents/University/phase-3-courses/complex-digital-design/cdd_lab_3/cdd_lab_3.srcs/sim_1/imports/Downloads/uart_top_TB.v" Line 57
run all
Stopped at time : 2922 ns : File "/home/sims0702/Documents/University/phase-3-courses/complex-digital-design/cdd_lab_3/cdd_lab_3.srcs/sim_1/imports/Downloads/uart_top_TB.v" Line 57
run all
Stopped at time : 2926 ns : File "/home/sims0702/Documents/University/phase-3-courses/complex-digital-design/cdd_lab_3/cdd_lab_3.srcs/sim_1/imports/Downloads/uart_top_TB.v" Line 57
run all
restart
INFO: [Simtcl 6-17] Simulation restarted
run all
Stopped at time : 6 ns : File "/home/sims0702/Documents/University/phase-3-courses/complex-digital-design/cdd_lab_3/cdd_lab_3.srcs/sim_1/imports/Downloads/uart_top_TB.v" Line 57
run all
Stopped at time : 1666 ns : File "/home/sims0702/Documents/University/phase-3-courses/complex-digital-design/cdd_lab_3/cdd_lab_3.srcs/sources_1/imports/Downloads/uart_top.v" Line 144
run all
Stopped at time : 1670 ns : File "/home/sims0702/Documents/University/phase-3-courses/complex-digital-design/cdd_lab_3/cdd_lab_3.srcs/sources_1/imports/Downloads/uart_top.v" Line 144
run all
Stopped at time : 1674 ns : File "/home/sims0702/Documents/University/phase-3-courses/complex-digital-design/cdd_lab_3/cdd_lab_3.srcs/sources_1/imports/Downloads/uart_top.v" Line 144
run all
Stopped at time : 1678 ns : File "/home/sims0702/Documents/University/phase-3-courses/complex-digital-design/cdd_lab_3/cdd_lab_3.srcs/sources_1/imports/Downloads/uart_top.v" Line 144
run all
Stopped at time : 1682 ns : File "/home/sims0702/Documents/University/phase-3-courses/complex-digital-design/cdd_lab_3/cdd_lab_3.srcs/sources_1/imports/Downloads/uart_top.v" Line 144
run all
Stopped at time : 1686 ns : File "/home/sims0702/Documents/University/phase-3-courses/complex-digital-design/cdd_lab_3/cdd_lab_3.srcs/sources_1/imports/Downloads/uart_top.v" Line 144
run all
Stopped at time : 1686 ns : File "/home/sims0702/Documents/University/phase-3-courses/complex-digital-design/cdd_lab_3/cdd_lab_3.srcs/sources_1/imports/Downloads/uart_top.v" Line 146
run all
Stopped at time : 2098 ns : File "/home/sims0702/Documents/University/phase-3-courses/complex-digital-design/cdd_lab_3/cdd_lab_3.srcs/sim_1/imports/Downloads/uart_top_TB.v" Line 57
run all
Stopped at time : 2102 ns : File "/home/sims0702/Documents/University/phase-3-courses/complex-digital-design/cdd_lab_3/cdd_lab_3.srcs/sim_1/imports/Downloads/uart_top_TB.v" Line 57
run all
Stopped at time : 2510 ns : File "/home/sims0702/Documents/University/phase-3-courses/complex-digital-design/cdd_lab_3/cdd_lab_3.srcs/sim_1/imports/Downloads/uart_top_TB.v" Line 57
run all
Stopped at time : 2514 ns : File "/home/sims0702/Documents/University/phase-3-courses/complex-digital-design/cdd_lab_3/cdd_lab_3.srcs/sim_1/imports/Downloads/uart_top_TB.v" Line 57
run all
Stopped at time : 2922 ns : File "/home/sims0702/Documents/University/phase-3-courses/complex-digital-design/cdd_lab_3/cdd_lab_3.srcs/sim_1/imports/Downloads/uart_top_TB.v" Line 57
run all
Stopped at time : 2926 ns : File "/home/sims0702/Documents/University/phase-3-courses/complex-digital-design/cdd_lab_3/cdd_lab_3.srcs/sim_1/imports/Downloads/uart_top_TB.v" Line 57
run all
relaunch_sim
Command: launch_simulation -simset sim_1 -mode behavioral
INFO: [Vivado 12-5698] Checking validity of IPs in the design for the 'XSim' simulator...
WARNING: [BD 41-1731] Type mismatch between connected pins: /iClk(clk) and /uart_top_0/iClk(undef)
INFO: [Vivado 12-5682] Launching behavioral simulation in '/home/sims0702/Documents/University/phase-3-courses/complex-digital-design/cdd_lab_3/cdd_lab_3.sim/sim_1/behav/xsim'
INFO: [Vivado 12-4795] Using compiled simulation libraries for IPs
INFO: [SIM-utils-51] Simulation object is 'sim_1'
INFO: [USF-XSim-7] Finding pre-compiled libraries...
INFO: [USF-XSim-11] File '/tools/Xilinx/Vivado/2020.1/data/xsim/xsim.ini' copied to run dir:'/home/sims0702/Documents/University/phase-3-courses/complex-digital-design/cdd_lab_3/cdd_lab_3.sim/sim_1/behav/xsim'
INFO: [SIM-utils-54] Inspecting design source files for 'uart_top_TB' in fileset 'sim_1'...
INFO: [USF-XSim-97] Finding global include files...
INFO: [USF-XSim-98] Fetching design files from 'sim_1'...
INFO: [USF-XSim-2] XSim::Compile design
INFO: [USF-XSim-61] Executing 'COMPILE and ANALYZE' step in '/home/sims0702/Documents/University/phase-3-courses/complex-digital-design/cdd_lab_3/cdd_lab_3.sim/sim_1/behav/xsim'
xvlog --incr --relax -prj uart_top_TB_vlog.prj
INFO: [VRFC 10-2263] Analyzing Verilog file "/home/sims0702/Documents/University/phase-3-courses/complex-digital-design/cdd_lab_3/cdd_lab_3.srcs/sources_1/imports/new/full_adder.v" into library xil_defaultlib
INFO: [VRFC 10-311] analyzing module full_adder
INFO: [VRFC 10-2263] Analyzing Verilog file "/home/sims0702/Documents/University/phase-3-courses/complex-digital-design/cdd_lab_3/cdd_lab_3.srcs/sources_1/new/mp_adder.v" into library xil_defaultlib
INFO: [VRFC 10-311] analyzing module mp_adder
INFO: [VRFC 10-2263] Analyzing Verilog file "/home/sims0702/Documents/University/phase-3-courses/complex-digital-design/cdd_lab_3/cdd_lab_3.srcs/sources_1/imports/new/ripple_carry_adder_Nb.v" into library xil_defaultlib
INFO: [VRFC 10-311] analyzing module ripple_carry_adder_Nb
INFO: [VRFC 10-2263] Analyzing Verilog file "/home/sims0702/Documents/University/phase-3-courses/complex-digital-design/cdd_lab_3/cdd_lab_3.srcs/sources_1/new/uart_receiver.v" into library xil_defaultlib
INFO: [VRFC 10-311] analyzing module uart_receiver
INFO: [VRFC 10-2263] Analyzing Verilog file "/home/sims0702/Documents/University/phase-3-courses/complex-digital-design/cdd_lab_3/cdd_lab_3.srcs/sources_1/imports/Downloads/uart_top.v" into library xil_defaultlib
INFO: [VRFC 10-311] analyzing module uart_top
INFO: [VRFC 10-2263] Analyzing Verilog file "/home/sims0702/Documents/University/phase-3-courses/complex-digital-design/cdd_lab_3/cdd_lab_3.srcs/sources_1/imports/Downloads/uart_tx.v" into library xil_defaultlib
INFO: [VRFC 10-311] analyzing module uart_tx
INFO: [VRFC 10-2263] Analyzing Verilog file "/home/sims0702/Documents/University/phase-3-courses/complex-digital-design/cdd_lab_3/cdd_lab_3.srcs/sim_1/imports/Downloads/uart_top_TB.v" into library xil_defaultlib
INFO: [VRFC 10-311] analyzing module uart_top_TB
INFO: [USF-XSim-69] 'compile' step finished in '1' seconds
launch_simulation: Time (s): cpu = 00:00:06 ; elapsed = 00:00:05 . Memory (MB): peak = 8143.531 ; gain = 0.000 ; free physical = 1726 ; free virtual = 8211
Command: launch_simulation -simset sim_1 -mode behavioral
INFO: [Vivado 12-5698] Checking validity of IPs in the design for the 'XSim' simulator...
WARNING: [BD 41-1731] Type mismatch between connected pins: /iClk(clk) and /uart_top_0/iClk(undef)
INFO: [Vivado 12-5682] Launching behavioral simulation in '/home/sims0702/Documents/University/phase-3-courses/complex-digital-design/cdd_lab_3/cdd_lab_3.sim/sim_1/behav/xsim'
INFO: [Vivado 12-4795] Using compiled simulation libraries for IPs
INFO: [USF-XSim-3] XSim::Elaborate design
INFO: [USF-XSim-61] Executing 'ELABORATE' step in '/home/sims0702/Documents/University/phase-3-courses/complex-digital-design/cdd_lab_3/cdd_lab_3.sim/sim_1/behav/xsim'
xelab -wto 4756b1523ea54048863f0292b42e8cf6 --incr --debug typical --relax --mt 8 -L xil_defaultlib -L unisims_ver -L unimacro_ver -L secureip -L xpm --snapshot uart_top_TB_behav xil_defaultlib.uart_top_TB xil_defaultlib.glbl -log elaborate.log
Vivado Simulator 2020.1
Copyright 1986-1999, 2001-2020 Xilinx, Inc. All Rights Reserved.
Running: /tools/Xilinx/Vivado/2020.1/bin/unwrapped/lnx64.o/xelab -wto 4756b1523ea54048863f0292b42e8cf6 --incr --debug typical --relax --mt 8 -L xil_defaultlib -L unisims_ver -L unimacro_ver -L secureip -L xpm --snapshot uart_top_TB_behav xil_defaultlib.uart_top_TB xil_defaultlib.glbl -log elaborate.log 
Using 8 slave threads.
Starting static elaboration
Pass Through NonSizing Optimizer
WARNING: [VRFC 10-3091] actual bit length 32 differs from formal bit length 1 for port 'iBtn' [/home/sims0702/Documents/University/phase-3-courses/complex-digital-design/cdd_lab_3/cdd_lab_3.srcs/sources_1/imports/Downloads/uart_top.v:71]
Completed static elaboration
Starting simulation data flow analysis
Completed simulation data flow analysis
Time Resolution for simulation is 1ps
Compiling module xil_defaultlib.uart_tx(CLK_FREQ=100,BAUD_RATE=1...
Compiling module xil_defaultlib.uart_receiver(CLK_FREQ=100,BAUD_...
Compiling module xil_defaultlib.full_adder
Compiling module xil_defaultlib.ripple_carry_adder_Nb(ADDER_WIDT...
Compiling module xil_defaultlib.mp_adder(OPERAND_WIDTH=16,ADDER_...
Compiling module xil_defaultlib.uart_top(CLK_FREQ=100,BAUD_RATE=...
Compiling module xil_defaultlib.uart_top_TB
Compiling module xil_defaultlib.glbl
Built simulation snapshot uart_top_TB_behav
INFO: [USF-XSim-69] 'elaborate' step finished in '2' seconds
Vivado Simulator 2020.1
INFO: [Wavedata 42-565] Reading protoinst file protoinst_files/design_1.protoinst
WARNING: [Wavedata 42-558] Couldn't load one or more protocol instances from protoinst file protoinst_files/design_1.protoinst for the following reason(s):
There are no instances of module "design_1" in the design.

Time resolution is 1 ps
